The system is: Linux - 4.18.5-arch1-1-ARCH - x86_64
Compiling the C compiler identification source file "CMakeCCompilerId.c" succeeded.
Compiler: /usr/bin/cc 
Build flags: 
Id flags:  

The output was:
0


Compilation of the C compiler identification source "CMakeCCompilerId.c" produced "a.out"

The C compiler identification is GNU, found in "/home/roope/programs/c++/radiosity/build/CMakeFiles/3.12.1/CompilerIdC/a.out"

Compiling the CXX compiler identification source file "CMakeCXXCompilerId.cpp" succeeded.
Compiler: /usr/bin/c++ 
Build flags: 
Id flags:  

The output was:
0


Compilation of the CXX compiler identification source "CMakeCXXCompilerId.cpp" produced "a.out"

The CXX compiler identification is GNU, found in "/home/roope/programs/c++/radiosity/build/CMakeFiles/3.12.1/CompilerIdCXX/a.out"

Determining if the C compiler works passed with the following output:
Change Dir: /home/roope/programs/c++/radiosity/build/CMakeFiles/CMakeTmp

Run Build Command:"/usr/bin/make" "cmTC_7b56f/fast"
/usr/bin/make -f CMakeFiles/cmTC_7b56f.dir/build.make CMakeFiles/cmTC_7b56f.dir/build
make[1]: Entering directory '/home/roope/programs/c++/radiosity/build/CMakeFiles/CMakeTmp'
Building C object CMakeFiles/cmTC_7b56f.dir/testCCompiler.c.o
/usr/bin/cc    -o CMakeFiles/cmTC_7b56f.dir/testCCompiler.c.o   -c /home/roope/programs/c++/radiosity/build/CMakeFiles/CMakeTmp/testCCompiler.c
Linking C executable cmTC_7b56f
/usr/bin/cmake -E cmake_link_script CMakeFiles/cmTC_7b56f.dir/link.txt --verbose=1
/usr/bin/cc      CMakeFiles/cmTC_7b56f.dir/testCCompiler.c.o  -o cmTC_7b56f 
make[1]: Leaving directory '/home/roope/programs/c++/radiosity/build/CMakeFiles/CMakeTmp'


Detecting C compiler ABI info compiled with the following output:
Change Dir: /home/roope/programs/c++/radiosity/build/CMakeFiles/CMakeTmp

Run Build Command:"/usr/bin/make" "cmTC_b5ba2/fast"
/usr/bin/make -f CMakeFiles/cmTC_b5ba2.dir/build.make CMakeFiles/cmTC_b5ba2.dir/build
make[1]: Entering directory '/home/roope/programs/c++/radiosity/build/CMakeFiles/CMakeTmp'
Building C object CMakeFiles/cmTC_b5ba2.dir/CMakeCCompilerABI.c.o
/usr/bin/cc    -o CMakeFiles/cmTC_b5ba2.dir/CMakeCCompilerABI.c.o   -c /usr/share/cmake-3.12/Modules/CMakeCCompilerABI.c
Linking C executable cmTC_b5ba2
/usr/bin/cmake -E cmake_link_script CMakeFiles/cmTC_b5ba2.dir/link.txt --verbose=1
/usr/bin/cc     -v CMakeFiles/cmTC_b5ba2.dir/CMakeCCompilerABI.c.o  -o cmTC_b5ba2 
Using built-in specs.
COLLECT_GCC=/usr/bin/cc
COLLECT_LTO_WRAPPER=/usr/lib/gcc/x86_64-pc-linux-gnu/8.2.0/lto-wrapper
Target: x86_64-pc-linux-gnu
Configured with: /build/gcc/src/gcc/configure --prefix=/usr --libdir=/usr/lib --libexecdir=/usr/lib --mandir=/usr/share/man --infodir=/usr/share/info --with-bugurl=https://bugs.archlinux.org/ --enable-languages=c,c++,ada,fortran,go,lto,objc,obj-c++ --enable-shared --enable-threads=posix --enable-libmpx --with-system-zlib --with-isl --enable-__cxa_atexit --disable-libunwind-exceptions --enable-clocale=gnu --disable-libstdcxx-pch --disable-libssp --enable-gnu-unique-object --enable-linker-build-id --enable-lto --enable-plugin --enable-install-libiberty --with-linker-hash-style=gnu --enable-gnu-indirect-function --enable-multilib --disable-werror --enable-checking=release --enable-default-pie --enable-default-ssp --enable-cet=auto
Thread model: posix
gcc version 8.2.0 (GCC) 
COMPILER_PATH=/usr/lib/gcc/x86_64-pc-linux-gnu/8.2.0/:/usr/lib/gcc/x86_64-pc-linux-gnu/8.2.0/:/usr/lib/gcc/x86_64-pc-linux-gnu/:/usr/lib/gcc/x86_64-pc-linux-gnu/8.2.0/:/usr/lib/gcc/x86_64-pc-linux-gnu/
LIBRARY_PATH=/usr/lib/gcc/x86_64-pc-linux-gnu/8.2.0/:/usr/lib/gcc/x86_64-pc-linux-gnu/8.2.0/../../../../lib/:/lib/../lib/:/usr/lib/../lib/:/usr/lib/gcc/x86_64-pc-linux-gnu/8.2.0/../../../:/lib/:/usr/lib/
COLLECT_GCC_OPTIONS='-v' '-o' 'cmTC_b5ba2' '-mtune=generic' '-march=x86-64'
 /usr/lib/gcc/x86_64-pc-linux-gnu/8.2.0/collect2 -plugin /usr/lib/gcc/x86_64-pc-linux-gnu/8.2.0/liblto_plugin.so -plugin-opt=/usr/lib/gcc/x86_64-pc-linux-gnu/8.2.0/lto-wrapper -plugin-opt=-fresolution=/tmp/ccqtqRDJ.res -plugin-opt=-pass-through=-lgcc -plugin-opt=-pass-through=-lgcc_s -plugin-opt=-pass-through=-lc -plugin-opt=-pass-through=-lgcc -plugin-opt=-pass-through=-lgcc_s --build-id --eh-frame-hdr --hash-style=gnu -m elf_x86_64 -dynamic-linker /lib64/ld-linux-x86-64.so.2 -pie -o cmTC_b5ba2 /usr/lib/gcc/x86_64-pc-linux-gnu/8.2.0/../../../../lib/Scrt1.o /usr/lib/gcc/x86_64-pc-linux-gnu/8.2.0/../../../../lib/crti.o /usr/lib/gcc/x86_64-pc-linux-gnu/8.2.0/crtbeginS.o -L/usr/lib/gcc/x86_64-pc-linux-gnu/8.2.0 -L/usr/lib/gcc/x86_64-pc-linux-gnu/8.2.0/../../../../lib -L/lib/../lib -L/usr/lib/../lib -L/usr/lib/gcc/x86_64-pc-linux-gnu/8.2.0/../../.. CMakeFiles/cmTC_b5ba2.dir/CMakeCCompilerABI.c.o -lgcc --as-needed -lgcc_s --no-as-needed -lc -lgcc --as-needed -lgcc_s --no-as-needed /usr/lib/gcc/x86_64-pc-linux-gnu/8.2.0/crtendS.o /usr/lib/gcc/x86_64-pc-linux-gnu/8.2.0/../../../../lib/crtn.o
COLLECT_GCC_OPTIONS='-v' '-o' 'cmTC_b5ba2' '-mtune=generic' '-march=x86-64'
make[1]: Leaving directory '/home/roope/programs/c++/radiosity/build/CMakeFiles/CMakeTmp'


Parsed C implicit link information from above output:
  link line regex: [^( *|.*[/\])(ld|CMAKE_LINK_STARTFILE-NOTFOUND|([^/\]+-)?ld|collect2)[^/\]*( |$)]
  ignore line: [Change Dir: /home/roope/programs/c++/radiosity/build/CMakeFiles/CMakeTmp]
  ignore line: []
  ignore line: [Run Build Command:"/usr/bin/make" "cmTC_b5ba2/fast"]
  ignore line: [/usr/bin/make -f CMakeFiles/cmTC_b5ba2.dir/build.make CMakeFiles/cmTC_b5ba2.dir/build]
  ignore line: [make[1]: Entering directory '/home/roope/programs/c++/radiosity/build/CMakeFiles/CMakeTmp']
  ignore line: [Building C object CMakeFiles/cmTC_b5ba2.dir/CMakeCCompilerABI.c.o]
  ignore line: [/usr/bin/cc    -o CMakeFiles/cmTC_b5ba2.dir/CMakeCCompilerABI.c.o   -c /usr/share/cmake-3.12/Modules/CMakeCCompilerABI.c]
  ignore line: [Linking C executable cmTC_b5ba2]
  ignore line: [/usr/bin/cmake -E cmake_link_script CMakeFiles/cmTC_b5ba2.dir/link.txt --verbose=1]
  ignore line: [/usr/bin/cc     -v CMakeFiles/cmTC_b5ba2.dir/CMakeCCompilerABI.c.o  -o cmTC_b5ba2 ]
  ignore line: [Using built-in specs.]
  ignore line: [COLLECT_GCC=/usr/bin/cc]
  ignore line: [COLLECT_LTO_WRAPPER=/usr/lib/gcc/x86_64-pc-linux-gnu/8.2.0/lto-wrapper]
  ignore line: [Target: x86_64-pc-linux-gnu]
  ignore line: [Configured with: /build/gcc/src/gcc/configure --prefix=/usr --libdir=/usr/lib --libexecdir=/usr/lib --mandir=/usr/share/man --infodir=/usr/share/info --with-bugurl=https://bugs.archlinux.org/ --enable-languages=c,c++,ada,fortran,go,lto,objc,obj-c++ --enable-shared --enable-threads=posix --enable-libmpx --with-system-zlib --with-isl --enable-__cxa_atexit --disable-libunwind-exceptions --enable-clocale=gnu --disable-libstdcxx-pch --disable-libssp --enable-gnu-unique-object --enable-linker-build-id --enable-lto --enable-plugin --enable-install-libiberty --with-linker-hash-style=gnu --enable-gnu-indirect-function --enable-multilib --disable-werror --enable-checking=release --enable-default-pie --enable-default-ssp --enable-cet=auto]
  ignore line: [Thread model: posix]
  ignore line: [gcc version 8.2.0 (GCC) ]
  ignore line: [COMPILER_PATH=/usr/lib/gcc/x86_64-pc-linux-gnu/8.2.0/:/usr/lib/gcc/x86_64-pc-linux-gnu/8.2.0/:/usr/lib/gcc/x86_64-pc-linux-gnu/:/usr/lib/gcc/x86_64-pc-linux-gnu/8.2.0/:/usr/lib/gcc/x86_64-pc-linux-gnu/]
  ignore line: [LIBRARY_PATH=/usr/lib/gcc/x86_64-pc-linux-gnu/8.2.0/:/usr/lib/gcc/x86_64-pc-linux-gnu/8.2.0/../../../../lib/:/lib/../lib/:/usr/lib/../lib/:/usr/lib/gcc/x86_64-pc-linux-gnu/8.2.0/../../../:/lib/:/usr/lib/]
  ignore line: [COLLECT_GCC_OPTIONS='-v' '-o' 'cmTC_b5ba2' '-mtune=generic' '-march=x86-64']
  link line: [ /usr/lib/gcc/x86_64-pc-linux-gnu/8.2.0/collect2 -plugin /usr/lib/gcc/x86_64-pc-linux-gnu/8.2.0/liblto_plugin.so -plugin-opt=/usr/lib/gcc/x86_64-pc-linux-gnu/8.2.0/lto-wrapper -plugin-opt=-fresolution=/tmp/ccqtqRDJ.res -plugin-opt=-pass-through=-lgcc -plugin-opt=-pass-through=-lgcc_s -plugin-opt=-pass-through=-lc -plugin-opt=-pass-through=-lgcc -plugin-opt=-pass-through=-lgcc_s --build-id --eh-frame-hdr --hash-style=gnu -m elf_x86_64 -dynamic-linker /lib64/ld-linux-x86-64.so.2 -pie -o cmTC_b5ba2 /usr/lib/gcc/x86_64-pc-linux-gnu/8.2.0/../../../../lib/Scrt1.o /usr/lib/gcc/x86_64-pc-linux-gnu/8.2.0/../../../../lib/crti.o /usr/lib/gcc/x86_64-pc-linux-gnu/8.2.0/crtbeginS.o -L/usr/lib/gcc/x86_64-pc-linux-gnu/8.2.0 -L/usr/lib/gcc/x86_64-pc-linux-gnu/8.2.0/../../../../lib -L/lib/../lib -L/usr/lib/../lib -L/usr/lib/gcc/x86_64-pc-linux-gnu/8.2.0/../../.. CMakeFiles/cmTC_b5ba2.dir/CMakeCCompilerABI.c.o -lgcc --as-needed -lgcc_s --no-as-needed -lc -lgcc --as-needed -lgcc_s --no-as-needed /usr/lib/gcc/x86_64-pc-linux-gnu/8.2.0/crtendS.o /usr/lib/gcc/x86_64-pc-linux-gnu/8.2.0/../../../../lib/crtn.o]
    arg [/usr/lib/gcc/x86_64-pc-linux-gnu/8.2.0/collect2] ==> ignore
    arg [-plugin] ==> ignore
    arg [/usr/lib/gcc/x86_64-pc-linux-gnu/8.2.0/liblto_plugin.so] ==> ignore
    arg [-plugin-opt=/usr/lib/gcc/x86_64-pc-linux-gnu/8.2.0/lto-wrapper] ==> ignore
    arg [-plugin-opt=-fresolution=/tmp/ccqtqRDJ.res] ==> ignore
    arg [-plugin-opt=-pass-through=-lgcc] ==> ignore
    arg [-plugin-opt=-pass-through=-lgcc_s] ==> ignore
    arg [-plugin-opt=-pass-through=-lc] ==> ignore
    arg [-plugin-opt=-pass-through=-lgcc] ==> ignore
    arg [-plugin-opt=-pass-through=-lgcc_s] ==> ignore
    arg [--build-id] ==> ignore
    arg [--eh-frame-hdr] ==> ignore
    arg [--hash-style=gnu] ==> ignore
    arg [-m] ==> ignore
    arg [elf_x86_64] ==> ignore
    arg [-dynamic-linker] ==> ignore
    arg [/lib64/ld-linux-x86-64.so.2] ==> ignore
    arg [-pie] ==> ignore
    arg [-o] ==> ignore
    arg [cmTC_b5ba2] ==> ignore
    arg [/usr/lib/gcc/x86_64-pc-linux-gnu/8.2.0/../../../../lib/Scrt1.o] ==> ignore
    arg [/usr/lib/gcc/x86_64-pc-linux-gnu/8.2.0/../../../../lib/crti.o] ==> ignore
    arg [/usr/lib/gcc/x86_64-pc-linux-gnu/8.2.0/crtbeginS.o] ==> ignore
    arg [-L/usr/lib/gcc/x86_64-pc-linux-gnu/8.2.0] ==> dir [/usr/lib/gcc/x86_64-pc-linux-gnu/8.2.0]
    arg [-L/usr/lib/gcc/x86_64-pc-linux-gnu/8.2.0/../../../../lib] ==> dir [/usr/lib/gcc/x86_64-pc-linux-gnu/8.2.0/../../../../lib]
    arg [-L/lib/../lib] ==> dir [/lib/../lib]
    arg [-L/usr/lib/../lib] ==> dir [/usr/lib/../lib]
    arg [-L/usr/lib/gcc/x86_64-pc-linux-gnu/8.2.0/../../..] ==> dir [/usr/lib/gcc/x86_64-pc-linux-gnu/8.2.0/../../..]
    arg [CMakeFiles/cmTC_b5ba2.dir/CMakeCCompilerABI.c.o] ==> ignore
    arg [-lgcc] ==> lib [gcc]
    arg [--as-needed] ==> ignore
    arg [-lgcc_s] ==> lib [gcc_s]
    arg [--no-as-needed] ==> ignore
    arg [-lc] ==> lib [c]
    arg [-lgcc] ==> lib [gcc]
    arg [--as-needed] ==> ignore
    arg [-lgcc_s] ==> lib [gcc_s]
    arg [--no-as-needed] ==> ignore
    arg [/usr/lib/gcc/x86_64-pc-linux-gnu/8.2.0/crtendS.o] ==> ignore
    arg [/usr/lib/gcc/x86_64-pc-linux-gnu/8.2.0/../../../../lib/crtn.o] ==> ignore
  collapse library dir [/usr/lib/gcc/x86_64-pc-linux-gnu/8.2.0] ==> [/usr/lib/gcc/x86_64-pc-linux-gnu/8.2.0]
  collapse library dir [/usr/lib/gcc/x86_64-pc-linux-gnu/8.2.0/../../../../lib] ==> [/usr/lib]
  collapse library dir [/lib/../lib] ==> [/lib]
  collapse library dir [/usr/lib/../lib] ==> [/usr/lib]
  collapse library dir [/usr/lib/gcc/x86_64-pc-linux-gnu/8.2.0/../../..] ==> [/usr/lib]
  implicit libs: [gcc;gcc_s;c;gcc;gcc_s]
  implicit dirs: [/usr/lib/gcc/x86_64-pc-linux-gnu/8.2.0;/usr/lib;/lib]
  implicit fwks: []




Detecting C [-std=c11] compiler features compiled with the following output:
Change Dir: /home/roope/programs/c++/radiosity/build/CMakeFiles/CMakeTmp

Run Build Command:"/usr/bin/make" "cmTC_5fa61/fast"
/usr/bin/make -f CMakeFiles/cmTC_5fa61.dir/build.make CMakeFiles/cmTC_5fa61.dir/build
make[1]: Entering directory '/home/roope/programs/c++/radiosity/build/CMakeFiles/CMakeTmp'
Building C object CMakeFiles/cmTC_5fa61.dir/feature_tests.c.o
/usr/bin/cc   -std=c11 -o CMakeFiles/cmTC_5fa61.dir/feature_tests.c.o   -c /home/roope/programs/c++/radiosity/build/CMakeFiles/feature_tests.c
Linking C executable cmTC_5fa61
/usr/bin/cmake -E cmake_link_script CMakeFiles/cmTC_5fa61.dir/link.txt --verbose=1
/usr/bin/cc      CMakeFiles/cmTC_5fa61.dir/feature_tests.c.o  -o cmTC_5fa61 
make[1]: Leaving directory '/home/roope/programs/c++/radiosity/build/CMakeFiles/CMakeTmp'


    Feature record: C_FEATURE:1c_function_prototypes
    Feature record: C_FEATURE:1c_restrict
    Feature record: C_FEATURE:1c_static_assert
    Feature record: C_FEATURE:1c_variadic_macros


Detecting C [-std=c99] compiler features compiled with the following output:
Change Dir: /home/roope/programs/c++/radiosity/build/CMakeFiles/CMakeTmp

Run Build Command:"/usr/bin/make" "cmTC_91db4/fast"
/usr/bin/make -f CMakeFiles/cmTC_91db4.dir/build.make CMakeFiles/cmTC_91db4.dir/build
make[1]: Entering directory '/home/roope/programs/c++/radiosity/build/CMakeFiles/CMakeTmp'
Building C object CMakeFiles/cmTC_91db4.dir/feature_tests.c.o
/usr/bin/cc   -std=c99 -o CMakeFiles/cmTC_91db4.dir/feature_tests.c.o   -c /home/roope/programs/c++/radiosity/build/CMakeFiles/feature_tests.c
Linking C executable cmTC_91db4
/usr/bin/cmake -E cmake_link_script CMakeFiles/cmTC_91db4.dir/link.txt --verbose=1
/usr/bin/cc      CMakeFiles/cmTC_91db4.dir/feature_tests.c.o  -o cmTC_91db4 
make[1]: Leaving directory '/home/roope/programs/c++/radiosity/build/CMakeFiles/CMakeTmp'


    Feature record: C_FEATURE:1c_function_prototypes
    Feature record: C_FEATURE:1c_restrict
    Feature record: C_FEATURE:0c_static_assert
    Feature record: C_FEATURE:1c_variadic_macros


Detecting C [-std=c90] compiler features compiled with the following output:
Change Dir: /home/roope/programs/c++/radiosity/build/CMakeFiles/CMakeTmp

Run Build Command:"/usr/bin/make" "cmTC_299e9/fast"
/usr/bin/make -f CMakeFiles/cmTC_299e9.dir/build.make CMakeFiles/cmTC_299e9.dir/build
make[1]: Entering directory '/home/roope/programs/c++/radiosity/build/CMakeFiles/CMakeTmp'
Building C object CMakeFiles/cmTC_299e9.dir/feature_tests.c.o
/usr/bin/cc   -std=c90 -o CMakeFiles/cmTC_299e9.dir/feature_tests.c.o   -c /home/roope/programs/c++/radiosity/build/CMakeFiles/feature_tests.c
Linking C executable cmTC_299e9
/usr/bin/cmake -E cmake_link_script CMakeFiles/cmTC_299e9.dir/link.txt --verbose=1
/usr/bin/cc      CMakeFiles/cmTC_299e9.dir/feature_tests.c.o  -o cmTC_299e9 
make[1]: Leaving directory '/home/roope/programs/c++/radiosity/build/CMakeFiles/CMakeTmp'


    Feature record: C_FEATURE:1c_function_prototypes
    Feature record: C_FEATURE:0c_restrict
    Feature record: C_FEATURE:0c_static_assert
    Feature record: C_FEATURE:0c_variadic_macros
Determining if the CXX compiler works passed with the following output:
Change Dir: /home/roope/programs/c++/radiosity/build/CMakeFiles/CMakeTmp

Run Build Command:"/usr/bin/make" "cmTC_10979/fast"
/usr/bin/make -f CMakeFiles/cmTC_10979.dir/build.make CMakeFiles/cmTC_10979.dir/build
make[1]: Entering directory '/home/roope/programs/c++/radiosity/build/CMakeFiles/CMakeTmp'
Building CXX object CMakeFiles/cmTC_10979.dir/testCXXCompiler.cxx.o
/usr/bin/c++     -o CMakeFiles/cmTC_10979.dir/testCXXCompiler.cxx.o -c /home/roope/programs/c++/radiosity/build/CMakeFiles/CMakeTmp/testCXXCompiler.cxx
Linking CXX executable cmTC_10979
/usr/bin/cmake -E cmake_link_script CMakeFiles/cmTC_10979.dir/link.txt --verbose=1
/usr/bin/c++       CMakeFiles/cmTC_10979.dir/testCXXCompiler.cxx.o  -o cmTC_10979 
make[1]: Leaving directory '/home/roope/programs/c++/radiosity/build/CMakeFiles/CMakeTmp'


Detecting CXX compiler ABI info compiled with the following output:
Change Dir: /home/roope/programs/c++/radiosity/build/CMakeFiles/CMakeTmp

Run Build Command:"/usr/bin/make" "cmTC_a4f1a/fast"
/usr/bin/make -f CMakeFiles/cmTC_a4f1a.dir/build.make CMakeFiles/cmTC_a4f1a.dir/build
make[1]: Entering directory '/home/roope/programs/c++/radiosity/build/CMakeFiles/CMakeTmp'
Building CXX object CMakeFiles/cmTC_a4f1a.dir/CMakeCXXCompilerABI.cpp.o
/usr/bin/c++     -o CMakeFiles/cmTC_a4f1a.dir/CMakeCXXCompilerABI.cpp.o -c /usr/share/cmake-3.12/Modules/CMakeCXXCompilerABI.cpp
Linking CXX executable cmTC_a4f1a
/usr/bin/cmake -E cmake_link_script CMakeFiles/cmTC_a4f1a.dir/link.txt --verbose=1
/usr/bin/c++      -v CMakeFiles/cmTC_a4f1a.dir/CMakeCXXCompilerABI.cpp.o  -o cmTC_a4f1a 
Using built-in specs.
COLLECT_GCC=/usr/bin/c++
COLLECT_LTO_WRAPPER=/usr/lib/gcc/x86_64-pc-linux-gnu/8.2.0/lto-wrapper
Target: x86_64-pc-linux-gnu
Configured with: /build/gcc/src/gcc/configure --prefix=/usr --libdir=/usr/lib --libexecdir=/usr/lib --mandir=/usr/share/man --infodir=/usr/share/info --with-bugurl=https://bugs.archlinux.org/ --enable-languages=c,c++,ada,fortran,go,lto,objc,obj-c++ --enable-shared --enable-threads=posix --enable-libmpx --with-system-zlib --with-isl --enable-__cxa_atexit --disable-libunwind-exceptions --enable-clocale=gnu --disable-libstdcxx-pch --disable-libssp --enable-gnu-unique-object --enable-linker-build-id --enable-lto --enable-plugin --enable-install-libiberty --with-linker-hash-style=gnu --enable-gnu-indirect-function --enable-multilib --disable-werror --enable-checking=release --enable-default-pie --enable-default-ssp --enable-cet=auto
Thread model: posix
gcc version 8.2.0 (GCC) 
COMPILER_PATH=/usr/lib/gcc/x86_64-pc-linux-gnu/8.2.0/:/usr/lib/gcc/x86_64-pc-linux-gnu/8.2.0/:/usr/lib/gcc/x86_64-pc-linux-gnu/:/usr/lib/gcc/x86_64-pc-linux-gnu/8.2.0/:/usr/lib/gcc/x86_64-pc-linux-gnu/
LIBRARY_PATH=/usr/lib/gcc/x86_64-pc-linux-gnu/8.2.0/:/usr/lib/gcc/x86_64-pc-linux-gnu/8.2.0/../../../../lib/:/lib/../lib/:/usr/lib/../lib/:/usr/lib/gcc/x86_64-pc-linux-gnu/8.2.0/../../../:/lib/:/usr/lib/
COLLECT_GCC_OPTIONS='-v' '-o' 'cmTC_a4f1a' '-shared-libgcc' '-mtune=generic' '-march=x86-64'
 /usr/lib/gcc/x86_64-pc-linux-gnu/8.2.0/collect2 -plugin /usr/lib/gcc/x86_64-pc-linux-gnu/8.2.0/liblto_plugin.so -plugin-opt=/usr/lib/gcc/x86_64-pc-linux-gnu/8.2.0/lto-wrapper -plugin-opt=-fresolution=/tmp/ccq6N8X6.res -plugin-opt=-pass-through=-lgcc_s -plugin-opt=-pass-through=-lgcc -plugin-opt=-pass-through=-lc -plugin-opt=-pass-through=-lgcc_s -plugin-opt=-pass-through=-lgcc --build-id --eh-frame-hdr --hash-style=gnu -m elf_x86_64 -dynamic-linker /lib64/ld-linux-x86-64.so.2 -pie -o cmTC_a4f1a /usr/lib/gcc/x86_64-pc-linux-gnu/8.2.0/../../../../lib/Scrt1.o /usr/lib/gcc/x86_64-pc-linux-gnu/8.2.0/../../../../lib/crti.o /usr/lib/gcc/x86_64-pc-linux-gnu/8.2.0/crtbeginS.o -L/usr/lib/gcc/x86_64-pc-linux-gnu/8.2.0 -L/usr/lib/gcc/x86_64-pc-linux-gnu/8.2.0/../../../../lib -L/lib/../lib -L/usr/lib/../lib -L/usr/lib/gcc/x86_64-pc-linux-gnu/8.2.0/../../.. CMakeFiles/cmTC_a4f1a.dir/CMakeCXXCompilerABI.cpp.o -lstdc++ -lm -lgcc_s -lgcc -lc -lgcc_s -lgcc /usr/lib/gcc/x86_64-pc-linux-gnu/8.2.0/crtendS.o /usr/lib/gcc/x86_64-pc-linux-gnu/8.2.0/../../../../lib/crtn.o
COLLECT_GCC_OPTIONS='-v' '-o' 'cmTC_a4f1a' '-shared-libgcc' '-mtune=generic' '-march=x86-64'
make[1]: Leaving directory '/home/roope/programs/c++/radiosity/build/CMakeFiles/CMakeTmp'


Parsed CXX implicit link information from above output:
  link line regex: [^( *|.*[/\])(ld|CMAKE_LINK_STARTFILE-NOTFOUND|([^/\]+-)?ld|collect2)[^/\]*( |$)]
  ignore line: [Change Dir: /home/roope/programs/c++/radiosity/build/CMakeFiles/CMakeTmp]
  ignore line: []
  ignore line: [Run Build Command:"/usr/bin/make" "cmTC_a4f1a/fast"]
  ignore line: [/usr/bin/make -f CMakeFiles/cmTC_a4f1a.dir/build.make CMakeFiles/cmTC_a4f1a.dir/build]
  ignore line: [make[1]: Entering directory '/home/roope/programs/c++/radiosity/build/CMakeFiles/CMakeTmp']
  ignore line: [Building CXX object CMakeFiles/cmTC_a4f1a.dir/CMakeCXXCompilerABI.cpp.o]
  ignore line: [/usr/bin/c++     -o CMakeFiles/cmTC_a4f1a.dir/CMakeCXXCompilerABI.cpp.o -c /usr/share/cmake-3.12/Modules/CMakeCXXCompilerABI.cpp]
  ignore line: [Linking CXX executable cmTC_a4f1a]
  ignore line: [/usr/bin/cmake -E cmake_link_script CMakeFiles/cmTC_a4f1a.dir/link.txt --verbose=1]
  ignore line: [/usr/bin/c++      -v CMakeFiles/cmTC_a4f1a.dir/CMakeCXXCompilerABI.cpp.o  -o cmTC_a4f1a ]
  ignore line: [Using built-in specs.]
  ignore line: [COLLECT_GCC=/usr/bin/c++]
  ignore line: [COLLECT_LTO_WRAPPER=/usr/lib/gcc/x86_64-pc-linux-gnu/8.2.0/lto-wrapper]
  ignore line: [Target: x86_64-pc-linux-gnu]
  ignore line: [Configured with: /build/gcc/src/gcc/configure --prefix=/usr --libdir=/usr/lib --libexecdir=/usr/lib --mandir=/usr/share/man --infodir=/usr/share/info --with-bugurl=https://bugs.archlinux.org/ --enable-languages=c,c++,ada,fortran,go,lto,objc,obj-c++ --enable-shared --enable-threads=posix --enable-libmpx --with-system-zlib --with-isl --enable-__cxa_atexit --disable-libunwind-exceptions --enable-clocale=gnu --disable-libstdcxx-pch --disable-libssp --enable-gnu-unique-object --enable-linker-build-id --enable-lto --enable-plugin --enable-install-libiberty --with-linker-hash-style=gnu --enable-gnu-indirect-function --enable-multilib --disable-werror --enable-checking=release --enable-default-pie --enable-default-ssp --enable-cet=auto]
  ignore line: [Thread model: posix]
  ignore line: [gcc version 8.2.0 (GCC) ]
  ignore line: [COMPILER_PATH=/usr/lib/gcc/x86_64-pc-linux-gnu/8.2.0/:/usr/lib/gcc/x86_64-pc-linux-gnu/8.2.0/:/usr/lib/gcc/x86_64-pc-linux-gnu/:/usr/lib/gcc/x86_64-pc-linux-gnu/8.2.0/:/usr/lib/gcc/x86_64-pc-linux-gnu/]
  ignore line: [LIBRARY_PATH=/usr/lib/gcc/x86_64-pc-linux-gnu/8.2.0/:/usr/lib/gcc/x86_64-pc-linux-gnu/8.2.0/../../../../lib/:/lib/../lib/:/usr/lib/../lib/:/usr/lib/gcc/x86_64-pc-linux-gnu/8.2.0/../../../:/lib/:/usr/lib/]
  ignore line: [COLLECT_GCC_OPTIONS='-v' '-o' 'cmTC_a4f1a' '-shared-libgcc' '-mtune=generic' '-march=x86-64']
  link line: [ /usr/lib/gcc/x86_64-pc-linux-gnu/8.2.0/collect2 -plugin /usr/lib/gcc/x86_64-pc-linux-gnu/8.2.0/liblto_plugin.so -plugin-opt=/usr/lib/gcc/x86_64-pc-linux-gnu/8.2.0/lto-wrapper -plugin-opt=-fresolution=/tmp/ccq6N8X6.res -plugin-opt=-pass-through=-lgcc_s -plugin-opt=-pass-through=-lgcc -plugin-opt=-pass-through=-lc -plugin-opt=-pass-through=-lgcc_s -plugin-opt=-pass-through=-lgcc --build-id --eh-frame-hdr --hash-style=gnu -m elf_x86_64 -dynamic-linker /lib64/ld-linux-x86-64.so.2 -pie -o cmTC_a4f1a /usr/lib/gcc/x86_64-pc-linux-gnu/8.2.0/../../../../lib/Scrt1.o /usr/lib/gcc/x86_64-pc-linux-gnu/8.2.0/../../../../lib/crti.o /usr/lib/gcc/x86_64-pc-linux-gnu/8.2.0/crtbeginS.o -L/usr/lib/gcc/x86_64-pc-linux-gnu/8.2.0 -L/usr/lib/gcc/x86_64-pc-linux-gnu/8.2.0/../../../../lib -L/lib/../lib -L/usr/lib/../lib -L/usr/lib/gcc/x86_64-pc-linux-gnu/8.2.0/../../.. CMakeFiles/cmTC_a4f1a.dir/CMakeCXXCompilerABI.cpp.o -lstdc++ -lm -lgcc_s -lgcc -lc -lgcc_s -lgcc /usr/lib/gcc/x86_64-pc-linux-gnu/8.2.0/crtendS.o /usr/lib/gcc/x86_64-pc-linux-gnu/8.2.0/../../../../lib/crtn.o]
    arg [/usr/lib/gcc/x86_64-pc-linux-gnu/8.2.0/collect2] ==> ignore
    arg [-plugin] ==> ignore
    arg [/usr/lib/gcc/x86_64-pc-linux-gnu/8.2.0/liblto_plugin.so] ==> ignore
    arg [-plugin-opt=/usr/lib/gcc/x86_64-pc-linux-gnu/8.2.0/lto-wrapper] ==> ignore
    arg [-plugin-opt=-fresolution=/tmp/ccq6N8X6.res] ==> ignore
    arg [-plugin-opt=-pass-through=-lgcc_s] ==> ignore
    arg [-plugin-opt=-pass-through=-lgcc] ==> ignore
    arg [-plugin-opt=-pass-through=-lc] ==> ignore
    arg [-plugin-opt=-pass-through=-lgcc_s] ==> ignore
    arg [-plugin-opt=-pass-through=-lgcc] ==> ignore
    arg [--build-id] ==> ignore
    arg [--eh-frame-hdr] ==> ignore
    arg [--hash-style=gnu] ==> ignore
    arg [-m] ==> ignore
    arg [elf_x86_64] ==> ignore
    arg [-dynamic-linker] ==> ignore
    arg [/lib64/ld-linux-x86-64.so.2] ==> ignore
    arg [-pie] ==> ignore
    arg [-o] ==> ignore
    arg [cmTC_a4f1a] ==> ignore
    arg [/usr/lib/gcc/x86_64-pc-linux-gnu/8.2.0/../../../../lib/Scrt1.o] ==> ignore
    arg [/usr/lib/gcc/x86_64-pc-linux-gnu/8.2.0/../../../../lib/crti.o] ==> ignore
    arg [/usr/lib/gcc/x86_64-pc-linux-gnu/8.2.0/crtbeginS.o] ==> ignore
    arg [-L/usr/lib/gcc/x86_64-pc-linux-gnu/8.2.0] ==> dir [/usr/lib/gcc/x86_64-pc-linux-gnu/8.2.0]
    arg [-L/usr/lib/gcc/x86_64-pc-linux-gnu/8.2.0/../../../../lib] ==> dir [/usr/lib/gcc/x86_64-pc-linux-gnu/8.2.0/../../../../lib]
    arg [-L/lib/../lib] ==> dir [/lib/../lib]
    arg [-L/usr/lib/../lib] ==> dir [/usr/lib/../lib]
    arg [-L/usr/lib/gcc/x86_64-pc-linux-gnu/8.2.0/../../..] ==> dir [/usr/lib/gcc/x86_64-pc-linux-gnu/8.2.0/../../..]
    arg [CMakeFiles/cmTC_a4f1a.dir/CMakeCXXCompilerABI.cpp.o] ==> ignore
    arg [-lstdc++] ==> lib [stdc++]
    arg [-lm] ==> lib [m]
    arg [-lgcc_s] ==> lib [gcc_s]
    arg [-lgcc] ==> lib [gcc]
    arg [-lc] ==> lib [c]
    arg [-lgcc_s] ==> lib [gcc_s]
    arg [-lgcc] ==> lib [gcc]
    arg [/usr/lib/gcc/x86_64-pc-linux-gnu/8.2.0/crtendS.o] ==> ignore
    arg [/usr/lib/gcc/x86_64-pc-linux-gnu/8.2.0/../../../../lib/crtn.o] ==> ignore
  collapse library dir [/usr/lib/gcc/x86_64-pc-linux-gnu/8.2.0] ==> [/usr/lib/gcc/x86_64-pc-linux-gnu/8.2.0]
  collapse library dir [/usr/lib/gcc/x86_64-pc-linux-gnu/8.2.0/../../../../lib] ==> [/usr/lib]
  collapse library dir [/lib/../lib] ==> [/lib]
  collapse library dir [/usr/lib/../lib] ==> [/usr/lib]
  collapse library dir [/usr/lib/gcc/x86_64-pc-linux-gnu/8.2.0/../../..] ==> [/usr/lib]
  implicit libs: [stdc++;m;gcc_s;gcc;c;gcc_s;gcc]
  implicit dirs: [/usr/lib/gcc/x86_64-pc-linux-gnu/8.2.0;/usr/lib;/lib]
  implicit fwks: []




Detecting CXX [-std=c++2a] compiler features compiled with the following output:
Change Dir: /home/roope/programs/c++/radiosity/build/CMakeFiles/CMakeTmp

Run Build Command:"/usr/bin/make" "cmTC_2cc4b/fast"
/usr/bin/make -f CMakeFiles/cmTC_2cc4b.dir/build.make CMakeFiles/cmTC_2cc4b.dir/build
make[1]: Entering directory '/home/roope/programs/c++/radiosity/build/CMakeFiles/CMakeTmp'
Building CXX object CMakeFiles/cmTC_2cc4b.dir/feature_tests.cxx.o
/usr/bin/c++    -std=c++2a -o CMakeFiles/cmTC_2cc4b.dir/feature_tests.cxx.o -c /home/roope/programs/c++/radiosity/build/CMakeFiles/feature_tests.cxx
Linking CXX executable cmTC_2cc4b
/usr/bin/cmake -E cmake_link_script CMakeFiles/cmTC_2cc4b.dir/link.txt --verbose=1
/usr/bin/c++       CMakeFiles/cmTC_2cc4b.dir/feature_tests.cxx.o  -o cmTC_2cc4b 
make[1]: Leaving directory '/home/roope/programs/c++/radiosity/build/CMakeFiles/CMakeTmp'


    Feature record: CXX_FEATURE:1cxx_aggregate_default_initializers
    Feature record: CXX_FEATURE:1cxx_alias_templates
    Feature record: CXX_FEATURE:1cxx_alignas
    Feature record: CXX_FEATURE:1cxx_alignof
    Feature record: CXX_FEATURE:1cxx_attributes
    Feature record: CXX_FEATURE:1cxx_attribute_deprecated
    Feature record: CXX_FEATURE:1cxx_auto_type
    Feature record: CXX_FEATURE:1cxx_binary_literals
    Feature record: CXX_FEATURE:1cxx_constexpr
    Feature record: CXX_FEATURE:1cxx_contextual_conversions
    Feature record: CXX_FEATURE:1cxx_decltype
    Feature record: CXX_FEATURE:1cxx_decltype_auto
    Feature record: CXX_FEATURE:1cxx_decltype_incomplete_return_types
    Feature record: CXX_FEATURE:1cxx_default_function_template_args
    Feature record: CXX_FEATURE:1cxx_defaulted_functions
    Feature record: CXX_FEATURE:1cxx_defaulted_move_initializers
    Feature record: CXX_FEATURE:1cxx_delegating_constructors
    Feature record: CXX_FEATURE:1cxx_deleted_functions
    Feature record: CXX_FEATURE:1cxx_digit_separators
    Feature record: CXX_FEATURE:1cxx_enum_forward_declarations
    Feature record: CXX_FEATURE:1cxx_explicit_conversions
    Feature record: CXX_FEATURE:1cxx_extended_friend_declarations
    Feature record: CXX_FEATURE:1cxx_extern_templates
    Feature record: CXX_FEATURE:1cxx_final
    Feature record: CXX_FEATURE:1cxx_func_identifier
    Feature record: CXX_FEATURE:1cxx_generalized_initializers
    Feature record: CXX_FEATURE:1cxx_generic_lambdas
    Feature record: CXX_FEATURE:1cxx_inheriting_constructors
    Feature record: CXX_FEATURE:1cxx_inline_namespaces
    Feature record: CXX_FEATURE:1cxx_lambdas
    Feature record: CXX_FEATURE:1cxx_lambda_init_captures
    Feature record: CXX_FEATURE:1cxx_local_type_template_args
    Feature record: CXX_FEATURE:1cxx_long_long_type
    Feature record: CXX_FEATURE:1cxx_noexcept
    Feature record: CXX_FEATURE:1cxx_nonstatic_member_init
    Feature record: CXX_FEATURE:1cxx_nullptr
    Feature record: CXX_FEATURE:1cxx_override
    Feature record: CXX_FEATURE:1cxx_range_for
    Feature record: CXX_FEATURE:1cxx_raw_string_literals
    Feature record: CXX_FEATURE:1cxx_reference_qualified_functions
    Feature record: CXX_FEATURE:1cxx_relaxed_constexpr
    Feature record: CXX_FEATURE:1cxx_return_type_deduction
    Feature record: CXX_FEATURE:1cxx_right_angle_brackets
    Feature record: CXX_FEATURE:1cxx_rvalue_references
    Feature record: CXX_FEATURE:1cxx_sizeof_member
    Feature record: CXX_FEATURE:1cxx_static_assert
    Feature record: CXX_FEATURE:1cxx_strong_enums
    Feature record: CXX_FEATURE:1cxx_template_template_parameters
    Feature record: CXX_FEATURE:1cxx_thread_local
    Feature record: CXX_FEATURE:1cxx_trailing_return_types
    Feature record: CXX_FEATURE:1cxx_unicode_literals
    Feature record: CXX_FEATURE:1cxx_uniform_initialization
    Feature record: CXX_FEATURE:1cxx_unrestricted_unions
    Feature record: CXX_FEATURE:1cxx_user_literals
    Feature record: CXX_FEATURE:1cxx_variable_templates
    Feature record: CXX_FEATURE:1cxx_variadic_macros
    Feature record: CXX_FEATURE:1cxx_variadic_templates


Detecting CXX [-std=c++17] compiler features compiled with the following output:
Change Dir: /home/roope/programs/c++/radiosity/build/CMakeFiles/CMakeTmp

Run Build Command:"/usr/bin/make" "cmTC_aedf4/fast"
/usr/bin/make -f CMakeFiles/cmTC_aedf4.dir/build.make CMakeFiles/cmTC_aedf4.dir/build
make[1]: Entering directory '/home/roope/programs/c++/radiosity/build/CMakeFiles/CMakeTmp'
Building CXX object CMakeFiles/cmTC_aedf4.dir/feature_tests.cxx.o
/usr/bin/c++    -std=c++17 -o CMakeFiles/cmTC_aedf4.dir/feature_tests.cxx.o -c /home/roope/programs/c++/radiosity/build/CMakeFiles/feature_tests.cxx
Linking CXX executable cmTC_aedf4
/usr/bin/cmake -E cmake_link_script CMakeFiles/cmTC_aedf4.dir/link.txt --verbose=1
/usr/bin/c++       CMakeFiles/cmTC_aedf4.dir/feature_tests.cxx.o  -o cmTC_aedf4 
make[1]: Leaving directory '/home/roope/programs/c++/radiosity/build/CMakeFiles/CMakeTmp'


    Feature record: CXX_FEATURE:1cxx_aggregate_default_initializers
    Feature record: CXX_FEATURE:1cxx_alias_templates
    Feature record: CXX_FEATURE:1cxx_alignas
    Feature record: CXX_FEATURE:1cxx_alignof
    Feature record: CXX_FEATURE:1cxx_attributes
    Feature record: CXX_FEATURE:1cxx_attribute_deprecated
    Feature record: CXX_FEATURE:1cxx_auto_type
    Feature record: CXX_FEATURE:1cxx_binary_literals
    Feature record: CXX_FEATURE:1cxx_constexpr
    Feature record: CXX_FEATURE:1cxx_contextual_conversions
    Feature record: CXX_FEATURE:1cxx_decltype
    Feature record: CXX_FEATURE:1cxx_decltype_auto
    Feature record: CXX_FEATURE:1cxx_decltype_incomplete_return_types
    Feature record: CXX_FEATURE:1cxx_default_function_template_args
    Feature record: CXX_FEATURE:1cxx_defaulted_functions
    Feature record: CXX_FEATURE:1cxx_defaulted_move_initializers
    Feature record: CXX_FEATURE:1cxx_delegating_constructors
    Feature record: CXX_FEATURE:1cxx_deleted_functions
    Feature record: CXX_FEATURE:1cxx_digit_separators
    Feature record: CXX_FEATURE:1cxx_enum_forward_declarations
    Feature record: CXX_FEATURE:1cxx_explicit_conversions
    Feature record: CXX_FEATURE:1cxx_extended_friend_declarations
    Feature record: CXX_FEATURE:1cxx_extern_templates
    Feature record: CXX_FEATURE:1cxx_final
    Feature record: CXX_FEATURE:1cxx_func_identifier
    Feature record: CXX_FEATURE:1cxx_generalized_initializers
    Feature record: CXX_FEATURE:1cxx_generic_lambdas
    Feature record: CXX_FEATURE:1cxx_inheriting_constructors
    Feature record: CXX_FEATURE:1cxx_inline_namespaces
    Feature record: CXX_FEATURE:1cxx_lambdas
    Feature record: CXX_FEATURE:1cxx_lambda_init_captures
    Feature record: CXX_FEATURE:1cxx_local_type_template_args
    Feature record: CXX_FEATURE:1cxx_long_long_type
    Feature record: CXX_FEATURE:1cxx_noexcept
    Feature record: CXX_FEATURE:1cxx_nonstatic_member_init
    Feature record: CXX_FEATURE:1cxx_nullptr
    Feature record: CXX_FEATURE:1cxx_override
    Feature record: CXX_FEATURE:1cxx_range_for
    Feature record: CXX_FEATURE:1cxx_raw_string_literals
    Feature record: CXX_FEATURE:1cxx_reference_qualified_functions
    Feature record: CXX_FEATURE:1cxx_relaxed_constexpr
    Feature record: CXX_FEATURE:1cxx_return_type_deduction
    Feature record: CXX_FEATURE:1cxx_right_angle_brackets
    Feature record: CXX_FEATURE:1cxx_rvalue_references
    Feature record: CXX_FEATURE:1cxx_sizeof_member
    Feature record: CXX_FEATURE:1cxx_static_assert
    Feature record: CXX_FEATURE:1cxx_strong_enums
    Feature record: CXX_FEATURE:1cxx_template_template_parameters
    Feature record: CXX_FEATURE:1cxx_thread_local
    Feature record: CXX_FEATURE:1cxx_trailing_return_types
    Feature record: CXX_FEATURE:1cxx_unicode_literals
    Feature record: CXX_FEATURE:1cxx_uniform_initialization
    Feature record: CXX_FEATURE:1cxx_unrestricted_unions
    Feature record: CXX_FEATURE:1cxx_user_literals
    Feature record: CXX_FEATURE:1cxx_variable_templates
    Feature record: CXX_FEATURE:1cxx_variadic_macros
    Feature record: CXX_FEATURE:1cxx_variadic_templates


Detecting CXX [-std=c++14] compiler features compiled with the following output:
Change Dir: /home/roope/programs/c++/radiosity/build/CMakeFiles/CMakeTmp

Run Build Command:"/usr/bin/make" "cmTC_4f22a/fast"
/usr/bin/make -f CMakeFiles/cmTC_4f22a.dir/build.make CMakeFiles/cmTC_4f22a.dir/build
make[1]: Entering directory '/home/roope/programs/c++/radiosity/build/CMakeFiles/CMakeTmp'
Building CXX object CMakeFiles/cmTC_4f22a.dir/feature_tests.cxx.o
/usr/bin/c++    -std=c++14 -o CMakeFiles/cmTC_4f22a.dir/feature_tests.cxx.o -c /home/roope/programs/c++/radiosity/build/CMakeFiles/feature_tests.cxx
Linking CXX executable cmTC_4f22a
/usr/bin/cmake -E cmake_link_script CMakeFiles/cmTC_4f22a.dir/link.txt --verbose=1
/usr/bin/c++       CMakeFiles/cmTC_4f22a.dir/feature_tests.cxx.o  -o cmTC_4f22a 
make[1]: Leaving directory '/home/roope/programs/c++/radiosity/build/CMakeFiles/CMakeTmp'


    Feature record: CXX_FEATURE:1cxx_aggregate_default_initializers
    Feature record: CXX_FEATURE:1cxx_alias_templates
    Feature record: CXX_FEATURE:1cxx_alignas
    Feature record: CXX_FEATURE:1cxx_alignof
    Feature record: CXX_FEATURE:1cxx_attributes
    Feature record: CXX_FEATURE:1cxx_attribute_deprecated
    Feature record: CXX_FEATURE:1cxx_auto_type
    Feature record: CXX_FEATURE:1cxx_binary_literals
    Feature record: CXX_FEATURE:1cxx_constexpr
    Feature record: CXX_FEATURE:1cxx_contextual_conversions
    Feature record: CXX_FEATURE:1cxx_decltype
    Feature record: CXX_FEATURE:1cxx_decltype_auto
    Feature record: CXX_FEATURE:1cxx_decltype_incomplete_return_types
    Feature record: CXX_FEATURE:1cxx_default_function_template_args
    Feature record: CXX_FEATURE:1cxx_defaulted_functions
    Feature record: CXX_FEATURE:1cxx_defaulted_move_initializers
    Feature record: CXX_FEATURE:1cxx_delegating_constructors
    Feature record: CXX_FEATURE:1cxx_deleted_functions
    Feature record: CXX_FEATURE:1cxx_digit_separators
    Feature record: CXX_FEATURE:1cxx_enum_forward_declarations
    Feature record: CXX_FEATURE:1cxx_explicit_conversions
    Feature record: CXX_FEATURE:1cxx_extended_friend_declarations
    Feature record: CXX_FEATURE:1cxx_extern_templates
    Feature record: CXX_FEATURE:1cxx_final
    Feature record: CXX_FEATURE:1cxx_func_identifier
    Feature record: CXX_FEATURE:1cxx_generalized_initializers
    Feature record: CXX_FEATURE:1cxx_generic_lambdas
    Feature record: CXX_FEATURE:1cxx_inheriting_constructors
    Feature record: CXX_FEATURE:1cxx_inline_namespaces
    Feature record: CXX_FEATURE:1cxx_lambdas
    Feature record: CXX_FEATURE:1cxx_lambda_init_captures
    Feature record: CXX_FEATURE:1cxx_local_type_template_args
    Feature record: CXX_FEATURE:1cxx_long_long_type
    Feature record: CXX_FEATURE:1cxx_noexcept
    Feature record: CXX_FEATURE:1cxx_nonstatic_member_init
    Feature record: CXX_FEATURE:1cxx_nullptr
    Feature record: CXX_FEATURE:1cxx_override
    Feature record: CXX_FEATURE:1cxx_range_for
    Feature record: CXX_FEATURE:1cxx_raw_string_literals
    Feature record: CXX_FEATURE:1cxx_reference_qualified_functions
    Feature record: CXX_FEATURE:1cxx_relaxed_constexpr
    Feature record: CXX_FEATURE:1cxx_return_type_deduction
    Feature record: CXX_FEATURE:1cxx_right_angle_brackets
    Feature record: CXX_FEATURE:1cxx_rvalue_references
    Feature record: CXX_FEATURE:1cxx_sizeof_member
    Feature record: CXX_FEATURE:1cxx_static_assert
    Feature record: CXX_FEATURE:1cxx_strong_enums
    Feature record: CXX_FEATURE:1cxx_template_template_parameters
    Feature record: CXX_FEATURE:1cxx_thread_local
    Feature record: CXX_FEATURE:1cxx_trailing_return_types
    Feature record: CXX_FEATURE:1cxx_unicode_literals
    Feature record: CXX_FEATURE:1cxx_uniform_initialization
    Feature record: CXX_FEATURE:1cxx_unrestricted_unions
    Feature record: CXX_FEATURE:1cxx_user_literals
    Feature record: CXX_FEATURE:1cxx_variable_templates
    Feature record: CXX_FEATURE:1cxx_variadic_macros
    Feature record: CXX_FEATURE:1cxx_variadic_templates


Detecting CXX [-std=c++11] compiler features compiled with the following output:
Change Dir: /home/roope/programs/c++/radiosity/build/CMakeFiles/CMakeTmp

Run Build Command:"/usr/bin/make" "cmTC_373b4/fast"
/usr/bin/make -f CMakeFiles/cmTC_373b4.dir/build.make CMakeFiles/cmTC_373b4.dir/build
make[1]: Entering directory '/home/roope/programs/c++/radiosity/build/CMakeFiles/CMakeTmp'
Building CXX object CMakeFiles/cmTC_373b4.dir/feature_tests.cxx.o
/usr/bin/c++    -std=c++11 -o CMakeFiles/cmTC_373b4.dir/feature_tests.cxx.o -c /home/roope/programs/c++/radiosity/build/CMakeFiles/feature_tests.cxx
Linking CXX executable cmTC_373b4
/usr/bin/cmake -E cmake_link_script CMakeFiles/cmTC_373b4.dir/link.txt --verbose=1
/usr/bin/c++       CMakeFiles/cmTC_373b4.dir/feature_tests.cxx.o  -o cmTC_373b4 
make[1]: Leaving directory '/home/roope/programs/c++/radiosity/build/CMakeFiles/CMakeTmp'


    Feature record: CXX_FEATURE:0cxx_aggregate_default_initializers
    Feature record: CXX_FEATURE:1cxx_alias_templates
    Feature record: CXX_FEATURE:1cxx_alignas
    Feature record: CXX_FEATURE:1cxx_alignof
    Feature record: CXX_FEATURE:1cxx_attributes
    Feature record: CXX_FEATURE:0cxx_attribute_deprecated
    Feature record: CXX_FEATURE:1cxx_auto_type
    Feature record: CXX_FEATURE:0cxx_binary_literals
    Feature record: CXX_FEATURE:1cxx_constexpr
    Feature record: CXX_FEATURE:0cxx_contextual_conversions
    Feature record: CXX_FEATURE:1cxx_decltype
    Feature record: CXX_FEATURE:0cxx_decltype_auto
    Feature record: CXX_FEATURE:1cxx_decltype_incomplete_return_types
    Feature record: CXX_FEATURE:1cxx_default_function_template_args
    Feature record: CXX_FEATURE:1cxx_defaulted_functions
    Feature record: CXX_FEATURE:1cxx_defaulted_move_initializers
    Feature record: CXX_FEATURE:1cxx_delegating_constructors
    Feature record: CXX_FEATURE:1cxx_deleted_functions
    Feature record: CXX_FEATURE:0cxx_digit_separators
    Feature record: CXX_FEATURE:1cxx_enum_forward_declarations
    Feature record: CXX_FEATURE:1cxx_explicit_conversions
    Feature record: CXX_FEATURE:1cxx_extended_friend_declarations
    Feature record: CXX_FEATURE:1cxx_extern_templates
    Feature record: CXX_FEATURE:1cxx_final
    Feature record: CXX_FEATURE:1cxx_func_identifier
    Feature record: CXX_FEATURE:1cxx_generalized_initializers
    Feature record: CXX_FEATURE:0cxx_generic_lambdas
    Feature record: CXX_FEATURE:1cxx_inheriting_constructors
    Feature record: CXX_FEATURE:1cxx_inline_namespaces
    Feature record: CXX_FEATURE:1cxx_lambdas
    Feature record: CXX_FEATURE:0cxx_lambda_init_captures
    Feature record: CXX_FEATURE:1cxx_local_type_template_args
    Feature record: CXX_FEATURE:1cxx_long_long_type
    Feature record: CXX_FEATURE:1cxx_noexcept
    Feature record: CXX_FEATURE:1cxx_nonstatic_member_init
    Feature record: CXX_FEATURE:1cxx_nullptr
    Feature record: CXX_FEATURE:1cxx_override
    Feature record: CXX_FEATURE:1cxx_range_for
    Feature record: CXX_FEATURE:1cxx_raw_string_literals
    Feature record: CXX_FEATURE:1cxx_reference_qualified_functions
    Feature record: CXX_FEATURE:0cxx_relaxed_constexpr
    Feature record: CXX_FEATURE:0cxx_return_type_deduction
    Feature record: CXX_FEATURE:1cxx_right_angle_brackets
    Feature record: CXX_FEATURE:1cxx_rvalue_references
    Feature record: CXX_FEATURE:1cxx_sizeof_member
    Feature record: CXX_FEATURE:1cxx_static_assert
    Feature record: CXX_FEATURE:1cxx_strong_enums
    Feature record: CXX_FEATURE:1cxx_template_template_parameters
    Feature record: CXX_FEATURE:1cxx_thread_local
    Feature record: CXX_FEATURE:1cxx_trailing_return_types
    Feature record: CXX_FEATURE:1cxx_unicode_literals
    Feature record: CXX_FEATURE:1cxx_uniform_initialization
    Feature record: CXX_FEATURE:1cxx_unrestricted_unions
    Feature record: CXX_FEATURE:1cxx_user_literals
    Feature record: CXX_FEATURE:0cxx_variable_templates
    Feature record: CXX_FEATURE:1cxx_variadic_macros
    Feature record: CXX_FEATURE:1cxx_variadic_templates


Detecting CXX [-std=c++98] compiler features compiled with the following output:
Change Dir: /home/roope/programs/c++/radiosity/build/CMakeFiles/CMakeTmp

Run Build Command:"/usr/bin/make" "cmTC_f5bb5/fast"
/usr/bin/make -f CMakeFiles/cmTC_f5bb5.dir/build.make CMakeFiles/cmTC_f5bb5.dir/build
make[1]: Entering directory '/home/roope/programs/c++/radiosity/build/CMakeFiles/CMakeTmp'
Building CXX object CMakeFiles/cmTC_f5bb5.dir/feature_tests.cxx.o
/usr/bin/c++    -std=c++98 -o CMakeFiles/cmTC_f5bb5.dir/feature_tests.cxx.o -c /home/roope/programs/c++/radiosity/build/CMakeFiles/feature_tests.cxx
Linking CXX executable cmTC_f5bb5
/usr/bin/cmake -E cmake_link_script CMakeFiles/cmTC_f5bb5.dir/link.txt --verbose=1
/usr/bin/c++       CMakeFiles/cmTC_f5bb5.dir/feature_tests.cxx.o  -o cmTC_f5bb5 
make[1]: Leaving directory '/home/roope/programs/c++/radiosity/build/CMakeFiles/CMakeTmp'


    Feature record: CXX_FEATURE:0cxx_aggregate_default_initializers
    Feature record: CXX_FEATURE:0cxx_alias_templates
    Feature record: CXX_FEATURE:0cxx_alignas
    Feature record: CXX_FEATURE:0cxx_alignof
    Feature record: CXX_FEATURE:0cxx_attributes
    Feature record: CXX_FEATURE:0cxx_attribute_deprecated
    Feature record: CXX_FEATURE:0cxx_auto_type
    Feature record: CXX_FEATURE:0cxx_binary_literals
    Feature record: CXX_FEATURE:0cxx_constexpr
    Feature record: CXX_FEATURE:0cxx_contextual_conversions
    Feature record: CXX_FEATURE:0cxx_decltype
    Feature record: CXX_FEATURE:0cxx_decltype_auto
    Feature record: CXX_FEATURE:0cxx_decltype_incomplete_return_types
    Feature record: CXX_FEATURE:0cxx_default_function_template_args
    Feature record: CXX_FEATURE:0cxx_defaulted_functions
    Feature record: CXX_FEATURE:0cxx_defaulted_move_initializers
    Feature record: CXX_FEATURE:0cxx_delegating_constructors
    Feature record: CXX_FEATURE:0cxx_deleted_functions
    Feature record: CXX_FEATURE:0cxx_digit_separators
    Feature record: CXX_FEATURE:0cxx_enum_forward_declarations
    Feature record: CXX_FEATURE:0cxx_explicit_conversions
    Feature record: CXX_FEATURE:0cxx_extended_friend_declarations
    Feature record: CXX_FEATURE:0cxx_extern_templates
    Feature record: CXX_FEATURE:0cxx_final
    Feature record: CXX_FEATURE:0cxx_func_identifier
    Feature record: CXX_FEATURE:0cxx_generalized_initializers
    Feature record: CXX_FEATURE:0cxx_generic_lambdas
    Feature record: CXX_FEATURE:0cxx_inheriting_constructors
    Feature record: CXX_FEATURE:0cxx_inline_namespaces
    Feature record: CXX_FEATURE:0cxx_lambdas
    Feature record: CXX_FEATURE:0cxx_lambda_init_captures
    Feature record: CXX_FEATURE:0cxx_local_type_template_args
    Feature record: CXX_FEATURE:0cxx_long_long_type
    Feature record: CXX_FEATURE:0cxx_noexcept
    Feature record: CXX_FEATURE:0cxx_nonstatic_member_init
    Feature record: CXX_FEATURE:0cxx_nullptr
    Feature record: CXX_FEATURE:0cxx_override
    Feature record: CXX_FEATURE:0cxx_range_for
    Feature record: CXX_FEATURE:0cxx_raw_string_literals
    Feature record: CXX_FEATURE:0cxx_reference_qualified_functions
    Feature record: CXX_FEATURE:0cxx_relaxed_constexpr
    Feature record: CXX_FEATURE:0cxx_return_type_deduction
    Feature record: CXX_FEATURE:0cxx_right_angle_brackets
    Feature record: CXX_FEATURE:0cxx_rvalue_references
    Feature record: CXX_FEATURE:0cxx_sizeof_member
    Feature record: CXX_FEATURE:0cxx_static_assert
    Feature record: CXX_FEATURE:0cxx_strong_enums
    Feature record: CXX_FEATURE:1cxx_template_template_parameters
    Feature record: CXX_FEATURE:0cxx_thread_local
    Feature record: CXX_FEATURE:0cxx_trailing_return_types
    Feature record: CXX_FEATURE:0cxx_unicode_literals
    Feature record: CXX_FEATURE:0cxx_uniform_initialization
    Feature record: CXX_FEATURE:0cxx_unrestricted_unions
    Feature record: CXX_FEATURE:0cxx_user_literals
    Feature record: CXX_FEATURE:0cxx_variable_templates
    Feature record: CXX_FEATURE:0cxx_variadic_macros
    Feature record: CXX_FEATURE:0cxx_variadic_templates
Determining if the include file pthread.h exists passed with the following output:
Change Dir: /home/roope/programs/c++/radiosity/build/CMakeFiles/CMakeTmp

Run Build Command:"/usr/bin/make" "cmTC_4e2dc/fast"
/usr/bin/make -f CMakeFiles/cmTC_4e2dc.dir/build.make CMakeFiles/cmTC_4e2dc.dir/build
make[1]: Entering directory '/home/roope/programs/c++/radiosity/build/CMakeFiles/CMakeTmp'
Building C object CMakeFiles/cmTC_4e2dc.dir/CheckIncludeFile.c.o
/usr/bin/cc    -o CMakeFiles/cmTC_4e2dc.dir/CheckIncludeFile.c.o   -c /home/roope/programs/c++/radiosity/build/CMakeFiles/CMakeTmp/CheckIncludeFile.c
Linking C executable cmTC_4e2dc
/usr/bin/cmake -E cmake_link_script CMakeFiles/cmTC_4e2dc.dir/link.txt --verbose=1
/usr/bin/cc      -rdynamic CMakeFiles/cmTC_4e2dc.dir/CheckIncludeFile.c.o  -o cmTC_4e2dc 
make[1]: Leaving directory '/home/roope/programs/c++/radiosity/build/CMakeFiles/CMakeTmp'


Determining if the function pthread_create exists in the pthread passed with the following output:
Change Dir: /home/roope/programs/c++/radiosity/build/CMakeFiles/CMakeTmp

Run Build Command:"/usr/bin/make" "cmTC_78922/fast"
/usr/bin/make -f CMakeFiles/cmTC_78922.dir/build.make CMakeFiles/cmTC_78922.dir/build
make[1]: Entering directory '/home/roope/programs/c++/radiosity/build/CMakeFiles/CMakeTmp'
Building C object CMakeFiles/cmTC_78922.dir/CheckFunctionExists.c.o
/usr/bin/cc   -DCHECK_FUNCTION_EXISTS=pthread_create   -o CMakeFiles/cmTC_78922.dir/CheckFunctionExists.c.o   -c /usr/share/cmake-3.12/Modules/CheckFunctionExists.c
Linking C executable cmTC_78922
/usr/bin/cmake -E cmake_link_script CMakeFiles/cmTC_78922.dir/link.txt --verbose=1
/usr/bin/cc  -DCHECK_FUNCTION_EXISTS=pthread_create    -rdynamic CMakeFiles/cmTC_78922.dir/CheckFunctionExists.c.o  -o cmTC_78922 -lpthread 
make[1]: Leaving directory '/home/roope/programs/c++/radiosity/build/CMakeFiles/CMakeTmp'


Determining if the function XOpenDisplay exists in the /usr/lib/libX11.so;/usr/lib/libXext.so passed with the following output:
Change Dir: /home/roope/programs/c++/radiosity/build/CMakeFiles/CMakeTmp

Run Build Command:"/usr/bin/make" "cmTC_0af3e/fast"
/usr/bin/make -f CMakeFiles/cmTC_0af3e.dir/build.make CMakeFiles/cmTC_0af3e.dir/build
make[1]: Entering directory '/home/roope/programs/c++/radiosity/build/CMakeFiles/CMakeTmp'
Building C object CMakeFiles/cmTC_0af3e.dir/CheckFunctionExists.c.o
/usr/bin/cc   -DCHECK_FUNCTION_EXISTS=XOpenDisplay   -o CMakeFiles/cmTC_0af3e.dir/CheckFunctionExists.c.o   -c /usr/share/cmake-3.12/Modules/CheckFunctionExists.c
Linking C executable cmTC_0af3e
/usr/bin/cmake -E cmake_link_script CMakeFiles/cmTC_0af3e.dir/link.txt --verbose=1
/usr/bin/cc  -DCHECK_FUNCTION_EXISTS=XOpenDisplay    -rdynamic CMakeFiles/cmTC_0af3e.dir/CheckFunctionExists.c.o  -o cmTC_0af3e /usr/lib/libX11.so /usr/lib/libXext.so 
make[1]: Leaving directory '/home/roope/programs/c++/radiosity/build/CMakeFiles/CMakeTmp'


Determining if the function gethostbyname exists passed with the following output:
Change Dir: /home/roope/programs/c++/radiosity/build/CMakeFiles/CMakeTmp

Run Build Command:"/usr/bin/make" "cmTC_91796/fast"
/usr/bin/make -f CMakeFiles/cmTC_91796.dir/build.make CMakeFiles/cmTC_91796.dir/build
make[1]: Entering directory '/home/roope/programs/c++/radiosity/build/CMakeFiles/CMakeTmp'
Building C object CMakeFiles/cmTC_91796.dir/CheckFunctionExists.c.o
/usr/bin/cc   -DCHECK_FUNCTION_EXISTS=gethostbyname   -o CMakeFiles/cmTC_91796.dir/CheckFunctionExists.c.o   -c /usr/share/cmake-3.12/Modules/CheckFunctionExists.c
Linking C executable cmTC_91796
/usr/bin/cmake -E cmake_link_script CMakeFiles/cmTC_91796.dir/link.txt --verbose=1
/usr/bin/cc  -DCHECK_FUNCTION_EXISTS=gethostbyname    -rdynamic CMakeFiles/cmTC_91796.dir/CheckFunctionExists.c.o  -o cmTC_91796 
make[1]: Leaving directory '/home/roope/programs/c++/radiosity/build/CMakeFiles/CMakeTmp'


Determining if the function connect exists passed with the following output:
Change Dir: /home/roope/programs/c++/radiosity/build/CMakeFiles/CMakeTmp

Run Build Command:"/usr/bin/make" "cmTC_3754a/fast"
/usr/bin/make -f CMakeFiles/cmTC_3754a.dir/build.make CMakeFiles/cmTC_3754a.dir/build
make[1]: Entering directory '/home/roope/programs/c++/radiosity/build/CMakeFiles/CMakeTmp'
Building C object CMakeFiles/cmTC_3754a.dir/CheckFunctionExists.c.o
/usr/bin/cc   -DCHECK_FUNCTION_EXISTS=connect   -o CMakeFiles/cmTC_3754a.dir/CheckFunctionExists.c.o   -c /usr/share/cmake-3.12/Modules/CheckFunctionExists.c
Linking C executable cmTC_3754a
/usr/bin/cmake -E cmake_link_script CMakeFiles/cmTC_3754a.dir/link.txt --verbose=1
/usr/bin/cc  -DCHECK_FUNCTION_EXISTS=connect    -rdynamic CMakeFiles/cmTC_3754a.dir/CheckFunctionExists.c.o  -o cmTC_3754a 
make[1]: Leaving directory '/home/roope/programs/c++/radiosity/build/CMakeFiles/CMakeTmp'


Determining if the function remove exists passed with the following output:
Change Dir: /home/roope/programs/c++/radiosity/build/CMakeFiles/CMakeTmp

Run Build Command:"/usr/bin/make" "cmTC_62e7f/fast"
/usr/bin/make -f CMakeFiles/cmTC_62e7f.dir/build.make CMakeFiles/cmTC_62e7f.dir/build
make[1]: Entering directory '/home/roope/programs/c++/radiosity/build/CMakeFiles/CMakeTmp'
Building C object CMakeFiles/cmTC_62e7f.dir/CheckFunctionExists.c.o
/usr/bin/cc   -DCHECK_FUNCTION_EXISTS=remove   -o CMakeFiles/cmTC_62e7f.dir/CheckFunctionExists.c.o   -c /usr/share/cmake-3.12/Modules/CheckFunctionExists.c
Linking C executable cmTC_62e7f
/usr/bin/cmake -E cmake_link_script CMakeFiles/cmTC_62e7f.dir/link.txt --verbose=1
/usr/bin/cc  -DCHECK_FUNCTION_EXISTS=remove    -rdynamic CMakeFiles/cmTC_62e7f.dir/CheckFunctionExists.c.o  -o cmTC_62e7f 
make[1]: Leaving directory '/home/roope/programs/c++/radiosity/build/CMakeFiles/CMakeTmp'


Determining if the function shmat exists passed with the following output:
Change Dir: /home/roope/programs/c++/radiosity/build/CMakeFiles/CMakeTmp

Run Build Command:"/usr/bin/make" "cmTC_4d47a/fast"
/usr/bin/make -f CMakeFiles/cmTC_4d47a.dir/build.make CMakeFiles/cmTC_4d47a.dir/build
make[1]: Entering directory '/home/roope/programs/c++/radiosity/build/CMakeFiles/CMakeTmp'
Building C object CMakeFiles/cmTC_4d47a.dir/CheckFunctionExists.c.o
/usr/bin/cc   -DCHECK_FUNCTION_EXISTS=shmat   -o CMakeFiles/cmTC_4d47a.dir/CheckFunctionExists.c.o   -c /usr/share/cmake-3.12/Modules/CheckFunctionExists.c
Linking C executable cmTC_4d47a
/usr/bin/cmake -E cmake_link_script CMakeFiles/cmTC_4d47a.dir/link.txt --verbose=1
/usr/bin/cc  -DCHECK_FUNCTION_EXISTS=shmat    -rdynamic CMakeFiles/cmTC_4d47a.dir/CheckFunctionExists.c.o  -o cmTC_4d47a 
make[1]: Leaving directory '/home/roope/programs/c++/radiosity/build/CMakeFiles/CMakeTmp'


Determining if the function IceConnectionNumber exists in the ICE passed with the following output:
Change Dir: /home/roope/programs/c++/radiosity/build/CMakeFiles/CMakeTmp

Run Build Command:"/usr/bin/make" "cmTC_da9d1/fast"
/usr/bin/make -f CMakeFiles/cmTC_da9d1.dir/build.make CMakeFiles/cmTC_da9d1.dir/build
make[1]: Entering directory '/home/roope/programs/c++/radiosity/build/CMakeFiles/CMakeTmp'
Building C object CMakeFiles/cmTC_da9d1.dir/CheckFunctionExists.c.o
/usr/bin/cc   -DCHECK_FUNCTION_EXISTS=IceConnectionNumber   -o CMakeFiles/cmTC_da9d1.dir/CheckFunctionExists.c.o   -c /usr/share/cmake-3.12/Modules/CheckFunctionExists.c
Linking C executable cmTC_da9d1
/usr/bin/cmake -E cmake_link_script CMakeFiles/cmTC_da9d1.dir/link.txt --verbose=1
/usr/bin/cc  -DCHECK_FUNCTION_EXISTS=IceConnectionNumber    -rdynamic CMakeFiles/cmTC_da9d1.dir/CheckFunctionExists.c.o  -o cmTC_da9d1 -lICE 
make[1]: Leaving directory '/home/roope/programs/c++/radiosity/build/CMakeFiles/CMakeTmp'


